<?xml version="1.0" encoding="UTF-8"?>
<!-- Generated by org.testng.reporters.JUnitReportReporter -->
<testsuite hostname="LTPCHE032428425" failures="0" tests="2" name="com.fedex.testscenarios.ModuleValidation" time="54.693" errors="0" timestamp="2024-07-14T12:44:34 IST" skipped="0">
  <testcase classname="com.fedex.testscenarios.ModuleValidation" name="TC_02" time="29.612"/>
  <system-out/>
  <testcase classname="com.fedex.testscenarios.ModuleValidation" name="TC_01" time="25.081"/>
  <system-out/>
</testsuite> <!-- com.fedex.testscenarios.ModuleValidation -->
