<?xml version="1.0" encoding="UTF-8"?>
<!-- Generated by org.testng.reporters.JUnitReportReporter -->
<testsuite hostname="LTPCHE032428425" failures="0" tests="2" name="com.fedex.testscenarios.ModuleValidation" time="56.594" errors="0" timestamp="2024-04-17T20:54:00 IST" skipped="0">
  <testcase classname="com.fedex.testscenarios.ModuleValidation" name="TC_01" time="25.209"/>
  <system-out/>
  <testcase classname="com.fedex.testscenarios.ModuleValidation" name="TC_02" time="31.385"/>
  <system-out/>
</testsuite> <!-- com.fedex.testscenarios.ModuleValidation -->
